OpenROAD v2.0-6566-g970f89da6 
This program is licensed under the BSD-3 license. See the LICENSE file for details.
Components of this program may be licensed under more restrictive licenses which must be honored.
[WARNING STA-0164] ./platforms/asap7/lib/asap7sc7p5t_SIMPLE_RVT_FF_nldm_211120.lib.gz line 13178, timing group from output port.
[WARNING STA-0164] ./platforms/asap7/lib/asap7sc7p5t_SIMPLE_RVT_FF_nldm_211120.lib.gz line 13211, timing group from output port.
[WARNING STA-0164] ./platforms/asap7/lib/asap7sc7p5t_SIMPLE_RVT_FF_nldm_211120.lib.gz line 13244, timing group from output port.
[WARNING STA-0164] ./platforms/asap7/lib/asap7sc7p5t_SIMPLE_RVT_FF_nldm_211120.lib.gz line 13277, timing group from output port.
[WARNING STA-0164] ./platforms/asap7/lib/asap7sc7p5t_SIMPLE_RVT_FF_nldm_211120.lib.gz line 13310, timing group from output port.
[WARNING STA-0164] ./platforms/asap7/lib/asap7sc7p5t_SIMPLE_RVT_FF_nldm_211120.lib.gz line 13343, timing group from output port.
[WARNING STA-0164] ./platforms/asap7/lib/asap7sc7p5t_SIMPLE_RVT_FF_nldm_211120.lib.gz line 13376, timing group from output port.
[WARNING STA-0164] ./platforms/asap7/lib/asap7sc7p5t_SIMPLE_RVT_FF_nldm_211120.lib.gz line 14772, timing group from output port.
[WARNING STA-0164] ./platforms/asap7/lib/asap7sc7p5t_SIMPLE_RVT_FF_nldm_211120.lib.gz line 14805, timing group from output port.
[WARNING STA-0164] ./platforms/asap7/lib/asap7sc7p5t_SIMPLE_RVT_FF_nldm_211120.lib.gz line 14838, timing group from output port.
[INFO GPL-0002] DBU: 1000
[INFO GPL-0003] SiteSize: 54 270
[INFO GPL-0004] CoreAreaLxLy: 2052 2160
[INFO GPL-0005] CoreAreaUxUy: 76518 76410
[INFO GPL-0006] NumInstances: 17168
[INFO GPL-0007] NumPlaceInstances: 16341
[INFO GPL-0008] NumFixedInstances: 827
[INFO GPL-0009] NumDummyInstances: 0
[INFO GPL-0010] NumNets: 17171
[INFO GPL-0011] NumPins: 63005
[INFO GPL-0012] DieAreaLxLy: 0 0
[INFO GPL-0013] DieAreaUxUy: 78543 78543
[INFO GPL-0014] CoreAreaLxLy: 2052 2160
[INFO GPL-0015] CoreAreaUxUy: 76518 76410
[INFO GPL-0016] CoreArea: 5529100500
[INFO GPL-0017] NonPlaceInstsArea: 24115320
[INFO GPL-0018] PlaceInstsArea: 3055661820
[INFO GPL-0019] Util(%): 55.51
[INFO GPL-0020] StdInstsArea: 3055661820
[INFO GPL-0021] MacroInstsArea: 0
[INFO GPL-0031] FillerInit: NumGCells: 30127
[INFO GPL-0032] FillerInit: NumGNets: 17171
[INFO GPL-0033] FillerInit: NumGPins: 63005
[INFO GPL-0023] TargetDensity: 1.00
[INFO GPL-0024] AveragePlaceInstArea: 186993
[INFO GPL-0025] IdealBinArea: 186993
[INFO GPL-0026] IdealBinCnt: 29568
[INFO GPL-0027] TotalBinArea: 5529100500
[INFO GPL-0028] BinCnt: 128 128
[INFO GPL-0029] BinSize: 582 581
[INFO GPL-0030] NumBins: 16384
[INFO GPL-0002] DBU: 1000
[INFO GPL-0003] SiteSize: 54 270
[INFO GPL-0004] CoreAreaLxLy: 2052 2160
[INFO GPL-0005] CoreAreaUxUy: 76518 76410
[INFO GPL-0006] NumInstances: 17168
[INFO GPL-0007] NumPlaceInstances: 16341
[INFO GPL-0008] NumFixedInstances: 827
[INFO GPL-0009] NumDummyInstances: 0
[INFO GPL-0010] NumNets: 17171
[INFO GPL-0011] NumPins: 63005
[INFO GPL-0012] DieAreaLxLy: 0 0
[INFO GPL-0013] DieAreaUxUy: 78543 78543
[INFO GPL-0014] CoreAreaLxLy: 2052 2160
[INFO GPL-0015] CoreAreaUxUy: 76518 76410
[INFO GPL-0016] CoreArea: 5529100500
[INFO GPL-0017] NonPlaceInstsArea: 24115320
[INFO GPL-0018] PlaceInstsArea: 3055661820
[INFO GPL-0019] Util(%): 55.51
[INFO GPL-0020] StdInstsArea: 3055661820
[INFO GPL-0021] MacroInstsArea: 0
[InitialPlace]  Iter: 1 CG residual: 0.00005142 HPWL: 64420645
[InitialPlace]  Iter: 2 CG residual: 0.00000457 HPWL: 30891695
[InitialPlace]  Iter: 3 CG residual: 0.00000233 HPWL: 30545277
[InitialPlace]  Iter: 4 CG residual: 0.00000332 HPWL: 30545866
[InitialPlace]  Iter: 5 CG residual: 0.00000093 HPWL: 30482831
[INFO GPL-0031] FillerInit: NumGCells: 19408
[INFO GPL-0032] FillerInit: NumGNets: 17171
[INFO GPL-0033] FillerInit: NumGPins: 63005
[INFO GPL-0023] TargetDensity: 0.65
[INFO GPL-0024] AveragePlaceInstArea: 186993
[INFO GPL-0025] IdealBinArea: 285897
[INFO GPL-0026] IdealBinCnt: 19339
[INFO GPL-0027] TotalBinArea: 5529100500
[INFO GPL-0028] BinCnt: 128 128
[INFO GPL-0029] BinSize: 582 581
[INFO GPL-0030] NumBins: 16384
[NesterovSolve] Iter: 1 overflow: 0.969032 HPWL: 25196450
[NesterovSolve] Iter: 10 overflow: 0.936351 HPWL: 25475708
[NesterovSolve] Iter: 20 overflow: 0.912508 HPWL: 27999607
[NesterovSolve] Iter: 30 overflow: 0.902036 HPWL: 28575712
[NesterovSolve] Iter: 40 overflow: 0.89792 HPWL: 28717257
[NesterovSolve] Iter: 50 overflow: 0.896284 HPWL: 28815052
[NesterovSolve] Iter: 60 overflow: 0.895302 HPWL: 28761622
[NesterovSolve] Iter: 70 overflow: 0.894582 HPWL: 28821417
[NesterovSolve] Iter: 80 overflow: 0.893929 HPWL: 28943630
[NesterovSolve] Iter: 90 overflow: 0.894194 HPWL: 28994751
[NesterovSolve] Iter: 100 overflow: 0.894017 HPWL: 28966911
[NesterovSolve] Iter: 110 overflow: 0.894295 HPWL: 28932942
[NesterovSolve] Iter: 120 overflow: 0.893839 HPWL: 28975771
[NesterovSolve] Iter: 130 overflow: 0.892459 HPWL: 29141121
[NesterovSolve] Iter: 140 overflow: 0.890421 HPWL: 29469164
[NesterovSolve] Iter: 150 overflow: 0.887613 HPWL: 30019072
[NesterovSolve] Iter: 160 overflow: 0.882722 HPWL: 30833583
[NesterovSolve] Iter: 170 overflow: 0.874274 HPWL: 31956076
[NesterovSolve] Iter: 180 overflow: 0.862148 HPWL: 33465916
[NesterovSolve] Iter: 190 overflow: 0.846799 HPWL: 35360707
[NesterovSolve] Iter: 200 overflow: 0.827569 HPWL: 37500269
[NesterovSolve] Iter: 210 overflow: 0.802871 HPWL: 39726656
[INFO GPL-0100] worst slack 2.47e-10
[INFO GPL-0103] Weighted 1725 nets.
[NesterovSolve] Iter: 220 overflow: 0.773185 HPWL: 41138546
[NesterovSolve] Iter: 230 overflow: 0.74792 HPWL: 42991988
[NesterovSolve] Iter: 240 overflow: 0.716663 HPWL: 44574134
[NesterovSolve] Iter: 250 overflow: 0.672178 HPWL: 46439606
[INFO GPL-0100] worst slack 1.83e-11
[INFO GPL-0103] Weighted 1725 nets.
[NesterovSolve] Iter: 260 overflow: 0.630073 HPWL: 48286198
[NesterovSolve] Snapshot saved at iter = 265
[NesterovSolve] Iter: 270 overflow: 0.58032 HPWL: 50135454
[NesterovSolve] Iter: 280 overflow: 0.543029 HPWL: 51189308
[NesterovSolve] Iter: 290 overflow: 0.486937 HPWL: 52202810
[INFO GPL-0100] worst slack 1.06e-10
[INFO GPL-0103] Weighted 1726 nets.
[NesterovSolve] Iter: 300 overflow: 0.445617 HPWL: 52673580
[NesterovSolve] Iter: 310 overflow: 0.397287 HPWL: 53449913
[NesterovSolve] Iter: 320 overflow: 0.360034 HPWL: 53573780
[NesterovSolve] Iter: 330 overflow: 0.322936 HPWL: 53729624
[NesterovSolve] Iter: 340 overflow: 0.293077 HPWL: 53762784
[INFO GPL-0100] worst slack 1.33e-10
[INFO GPL-0103] Weighted 1728 nets.
[NesterovSolve] Iter: 350 overflow: 0.265448 HPWL: 53722152
[NesterovSolve] Iter: 360 overflow: 0.234012 HPWL: 53810894
[NesterovSolve] Iter: 370 overflow: 0.209826 HPWL: 53839067
[INFO GPL-0100] worst slack 1.32e-10
[INFO GPL-0103] Weighted 1725 nets.
[INFO GPL-0075] Routability numCall: 1 inflationIterCnt: 1 bloatIterCnt: 0
[INFO GPL-0036] TileLxLy: 0 0
[INFO GPL-0037] TileSize: 540 540
[INFO GPL-0038] TileCnt: 145 145
[INFO GPL-0039] numRoutingLayers: 10
[INFO GPL-0040] NumTiles: 21025
[INFO GPL-0063] TotalRouteOverflowH2: 0.0
[INFO GPL-0064] TotalRouteOverflowV2: 0.0
[INFO GPL-0065] OverflowTileCnt2: 0
[INFO GPL-0066] 0.5%RC: 1.0
[INFO GPL-0067] 1.0%RC: 1.0
[INFO GPL-0068] 2.0%RC: 1.0
[INFO GPL-0069] 5.0%RC: 1.0
[INFO GPL-0070] 0.5rcK: 1.0
[INFO GPL-0071] 1.0rcK: 1.0
[INFO GPL-0072] 2.0rcK: 0.0
[INFO GPL-0073] 5.0rcK: 0.0
[INFO GPL-0074] FinalRC: 1.0
[NesterovSolve] Iter: 380 overflow: 0.185715 HPWL: 53880525
[NesterovSolve] Iter: 390 overflow: 0.161604 HPWL: 53938025
[INFO GPL-0100] worst slack 1.52e-10
[INFO GPL-0103] Weighted 1725 nets.
[NesterovSolve] Iter: 400 overflow: 0.139974 HPWL: 53988286
[NesterovSolve] Iter: 410 overflow: 0.121846 HPWL: 54030316
[NesterovSolve] Iter: 420 overflow: 0.106586 HPWL: 54107207
[NesterovSolve] Finished with Overflow: 0.099572

==========================================================================
global place check_setup
--------------------------------------------------------------------------
Warning: There are 6 unconstrained endpoints.

==========================================================================
global place report_tns
--------------------------------------------------------------------------
tns -9364676.00

==========================================================================
global place report_wns
--------------------------------------------------------------------------
wns -5202.66

==========================================================================
global place report_worst_slack
--------------------------------------------------------------------------
worst slack -5202.66

==========================================================================
global place report_checks -path_delay min
--------------------------------------------------------------------------
Startpoint: rst_ni (input port clocked by core_clock)
Endpoint: _35973_ (removal check against rising-edge clock core_clock)
Path Group: **async_default**
Path Type: min

Fanout     Cap    Slew   Delay    Time   Description
-----------------------------------------------------------------------------
                  0.00    0.00    0.00   clock core_clock (rise edge)
                          0.00    0.00   clock network delay (ideal)
                        352.00  352.00 ^ input external delay
                  0.00    0.00  352.00 ^ rst_ni (in)
  1658 2199.56                           rst_ni (net)
                315.03   99.38  451.38 ^ _35973_/SETN (DFFASRHQNx1_ASAP7_75t_R)
                                451.38   data arrival time

                  0.00    0.00    0.00   clock core_clock (rise edge)
                          0.00    0.00   clock network delay (ideal)
                          0.00    0.00   clock reconvergence pessimism
                                  0.00 ^ _35973_/CLK (DFFASRHQNx1_ASAP7_75t_R)
                          4.49    4.49   library removal time
                                  4.49   data required time
-----------------------------------------------------------------------------
                                  4.49   data required time
                               -451.38   data arrival time
-----------------------------------------------------------------------------
                                446.89   slack (MET)


Startpoint: _36182_ (negative level-sensitive latch clocked by core_clock)
Endpoint: _24596_ (rising clock gating-check end-point clocked by core_clock)
Path Group: **clock_gating_default**
Path Type: min

Fanout     Cap    Slew   Delay    Time   Description
-----------------------------------------------------------------------------
                  0.00  880.00  880.00   clock core_clock (fall edge)
                          0.00  880.00   clock network delay (ideal)
                  0.00    0.00  880.00 v _36182_/CLK (DLLx1_ASAP7_75t_R)
                  7.60   18.21  898.21 ^ _36182_/Q (DLLx1_ASAP7_75t_R)
     1    0.59                           core_clock_gate_i.en_latch (net)
                  7.60    0.00  898.21 ^ _24596_/B (AND2x2_ASAP7_75t_R)
                                898.21   data arrival time

                  0.00  880.00  880.00   clock core_clock (fall edge)
                          0.00  880.00   clock network delay (ideal)
                          0.00  880.00   clock reconvergence pessimism
                                880.00 v _24596_/A (AND2x2_ASAP7_75t_R)
                          0.00  880.00   clock gating hold time
                                880.00   data required time
-----------------------------------------------------------------------------
                                880.00   data required time
                               -898.21   data arrival time
-----------------------------------------------------------------------------
                                 18.21   slack (MET)


Startpoint: _36249_ (rising edge-triggered flip-flop clocked by core_clock)
Endpoint: _36249_ (rising edge-triggered flip-flop clocked by core_clock)
Path Group: core_clock
Path Type: min

Fanout     Cap    Slew   Delay    Time   Description
-----------------------------------------------------------------------------
                  0.00    0.00    0.00   clock core_clock (rise edge)
                          0.00    0.00   clock network delay (ideal)
                  0.00    0.00    0.00 ^ _36249_/CLK (DFFHQNx1_ASAP7_75t_R)
                 20.75   37.65   37.65 ^ _36249_/QN (DFFHQNx1_ASAP7_75t_R)
     2    2.00                           _01790_ (net)
                 20.75    0.02   37.66 ^ _32416_/A1 (OAI21x1_ASAP7_75t_R)
                  6.50    7.48   45.14 v _32416_/Y (OAI21x1_ASAP7_75t_R)
     1    0.67                           _04427_ (net)
                  6.50    0.01   45.15 v _36249_/D (DFFHQNx1_ASAP7_75t_R)
                                 45.15   data arrival time

                  0.00    0.00    0.00   clock core_clock (rise edge)
                          0.00    0.00   clock network delay (ideal)
                          0.00    0.00   clock reconvergence pessimism
                                  0.00 ^ _36249_/CLK (DFFHQNx1_ASAP7_75t_R)
                          8.60    8.60   library hold time
                                  8.60   data required time
-----------------------------------------------------------------------------
                                  8.60   data required time
                                -45.15   data arrival time
-----------------------------------------------------------------------------
                                 36.55   slack (MET)



==========================================================================
global place report_checks -path_delay max
--------------------------------------------------------------------------
Startpoint: rst_ni (input port clocked by core_clock)
Endpoint: _35164_ (recovery check against rising-edge clock core_clock)
Path Group: **async_default**
Path Type: max

Fanout     Cap    Slew   Delay    Time   Description
-----------------------------------------------------------------------------
                  0.00    0.00    0.00   clock core_clock (rise edge)
                          0.00    0.00   clock network delay (ideal)
                        352.00  352.00 ^ input external delay
                  0.00    0.00  352.00 ^ rst_ni (in)
  1658 2199.56                           rst_ni (net)
               4463.85 1408.19 1760.19 ^ _35164_/SETN (DFFASRHQNx1_ASAP7_75t_R)
                               1760.19   data arrival time

                  0.00 1760.00 1760.00   clock core_clock (rise edge)
                          0.00 1760.00   clock network delay (ideal)
                          0.00 1760.00   clock reconvergence pessimism
                               1760.00 ^ _35164_/CLK (DFFASRHQNx1_ASAP7_75t_R)
                       -442.03 1317.97   library recovery time
                               1317.97   data required time
-----------------------------------------------------------------------------
                               1317.97   data required time
                               -1760.19   data arrival time
-----------------------------------------------------------------------------
                               -442.22   slack (VIOLATED)


Startpoint: _36182_ (negative level-sensitive latch clocked by core_clock)
Endpoint: _24596_ (rising clock gating-check end-point clocked by core_clock)
Path Group: **clock_gating_default**
Path Type: max

Fanout     Cap    Slew   Delay    Time   Description
-----------------------------------------------------------------------------
                  0.00  880.00  880.00   clock core_clock (fall edge)
                          0.00  880.00   clock network delay (ideal)
                  0.00    0.00  880.00 v _36182_/CLK (DLLx1_ASAP7_75t_R)
                  7.45   27.23  907.23 v _36182_/Q (DLLx1_ASAP7_75t_R)
     1    0.59                           core_clock_gate_i.en_latch (net)
                  7.45    0.00  907.23 v _24596_/B (AND2x2_ASAP7_75t_R)
                                907.23   data arrival time

                  0.00 1760.00 1760.00   clock core_clock (rise edge)
                          0.00 1760.00   clock network delay (ideal)
                          0.00 1760.00   clock reconvergence pessimism
                               1760.00 ^ _24596_/A (AND2x2_ASAP7_75t_R)
                          0.00 1760.00   clock gating setup time
                               1760.00   data required time
-----------------------------------------------------------------------------
                               1760.00   data required time
                               -907.23   data arrival time
-----------------------------------------------------------------------------
                                852.77   slack (MET)


Startpoint: _36309_ (rising edge-triggered flip-flop clocked by core_clock)
Endpoint: _34660_ (rising edge-triggered flip-flop clocked by core_clock)
Path Group: core_clock
Path Type: max

Fanout     Cap    Slew   Delay    Time   Description
-----------------------------------------------------------------------------
                  0.00    0.00    0.00   clock core_clock (rise edge)
                          0.00    0.00   clock network delay (ideal)
                  0.00    0.00    0.00 ^ _36309_/CLK (DFFHQNx1_ASAP7_75t_R)
               5257.31 1749.38 1749.38 ^ _36309_/QN (DFFHQNx1_ASAP7_75t_R)
   870  800.13                           _00289_ (net)
               5339.38  375.91 2125.29 ^ _18706_/A (INVx1_ASAP7_75t_R)
               2711.67 2196.30 4321.58 v _18706_/Y (INVx1_ASAP7_75t_R)
    58   69.70                           _13433_ (net)
               2713.23   34.81 4356.39 v _18744_/B (NAND2x1_ASAP7_75t_R)
                919.04 1067.34 5423.74 ^ _18744_/Y (NAND2x1_ASAP7_75t_R)
    15   35.45                           _13471_ (net)
                919.08    3.64 5427.38 ^ _18960_/A2 (OAI22x1_ASAP7_75t_R)
                154.61   37.48 5464.86 v _18960_/Y (OAI22x1_ASAP7_75t_R)
     1    0.82                           _13678_ (net)
                154.61    0.02 5464.88 v _18976_/A2 (OA21x2_ASAP7_75t_R)
                 14.69   40.42 5505.31 v _18976_/Y (OA21x2_ASAP7_75t_R)
     1    0.88                           _13694_ (net)
                 14.69    0.04 5505.34 v _18998_/A2 (AO21x1_ASAP7_75t_R)
                 20.32   15.92 5521.26 v _18998_/Y (AO21x1_ASAP7_75t_R)
     1    0.66                           _13716_ (net)
                 20.32    0.00 5521.27 v _19040_/A2 (OA21x2_ASAP7_75t_R)
                 45.66   31.93 5553.19 v _19040_/Y (OA21x2_ASAP7_75t_R)
     5   12.70                           _13758_ (net)
                 49.08    6.64 5559.84 v _19060_/A2 (AO221x1_ASAP7_75t_R)
                 30.43   39.35 5599.18 v _19060_/Y (AO221x1_ASAP7_75t_R)
     5    4.70                           _13777_ (net)
                 30.43    0.22 5599.40 v _19062_/A (INVx1_ASAP7_75t_R)
                 33.81   23.52 5622.92 ^ _19062_/Y (INVx1_ASAP7_75t_R)
     4    4.52                           _18108_ (net)
                 33.84    0.59 5623.51 ^ _19066_/A2 (AO21x1_ASAP7_75t_R)
                 25.61   22.34 5645.86 ^ _19066_/Y (AO21x1_ASAP7_75t_R)
     1    2.21                           _16501_ (net)
                 25.61    0.02 5645.87 ^ _33723_/B (FAx1_ASAP7_75t_R)
                 35.41   19.54 5665.41 v _33723_/CON (FAx1_ASAP7_75t_R)
     1    0.71                           _17539_ (net)
                 35.41    0.00 5665.42 v _20094_/A (INVx1_ASAP7_75t_R)
                 24.84   19.75 5685.16 ^ _20094_/Y (INVx1_ASAP7_75t_R)
     2    2.77                           _16496_ (net)
                 24.84    0.05 5685.21 ^ _33722_/A (FAx1_ASAP7_75t_R)
                210.97  215.88 5901.10 v _33722_/SN (FAx1_ASAP7_75t_R)
     9   13.30                           ex_block_i.alu_adder_result_ex_o[1] (net)
                211.00    1.56 5902.66 v _23273_/A (INVx1_ASAP7_75t_R)
                122.80   93.75 5996.41 ^ _23273_/Y (INVx1_ASAP7_75t_R)
     7   12.78                           _16499_ (net)
                122.80    0.17 5996.58 ^ _34363_/A (HAxp5_ASAP7_75t_R)
                359.53  180.43 6177.01 v _34363_/CON (HAxp5_ASAP7_75t_R)
    39   32.98                           _18337_ (net)
                359.53    0.72 6177.73 v _23233_/D (OR4x1_ASAP7_75t_R)
                 16.09   60.23 6237.96 v _23233_/Y (OR4x1_ASAP7_75t_R)
     1    0.60                           _05761_ (net)
                 16.09    0.01 6237.97 v _23234_/E (OR5x1_ASAP7_75t_R)
                 16.90   39.39 6277.36 v _23234_/Y (OR5x1_ASAP7_75t_R)
     1    0.63                           _05762_ (net)
                 16.90    0.01 6277.37 v _23236_/D (OR5x1_ASAP7_75t_R)
                 16.52   39.45 6316.82 v _23236_/Y (OR5x1_ASAP7_75t_R)
     1    0.70                           _05764_ (net)
                 16.52    0.00 6316.82 v _23237_/A (INVx1_ASAP7_75t_R)
                  8.41    7.50 6324.32 ^ _23237_/Y (INVx1_ASAP7_75t_R)
     1    0.59                           _05765_ (net)
                  8.41    0.01 6324.33 ^ _23241_/B (AND5x1_ASAP7_75t_R)
                 13.63   31.35 6355.68 ^ _23241_/Y (AND5x1_ASAP7_75t_R)
     1    0.55                           _05769_ (net)
                 13.63    0.00 6355.69 ^ _23248_/D (AND5x1_ASAP7_75t_R)
                 33.32   43.77 6399.46 ^ _23248_/Y (AND5x1_ASAP7_75t_R)
     2    3.42                           _05776_ (net)
                 33.39    0.83 6400.29 ^ _24507_/B (AND4x1_ASAP7_75t_R)
                 14.25   30.67 6430.96 ^ _24507_/Y (AND4x1_ASAP7_75t_R)
     1    0.98                           _06582_ (net)
                 14.25    0.01 6430.97 ^ _24515_/A2 (AOI221x1_ASAP7_75t_R)
                 25.79   13.94 6444.91 v _24515_/Y (AOI221x1_ASAP7_75t_R)
     1    0.70                           _06590_ (net)
                 25.79    0.01 6444.92 v _24519_/A2 (AO21x1_ASAP7_75t_R)
                 40.64   33.58 6478.50 v _24519_/Y (AO21x1_ASAP7_75t_R)
     6    7.09                           _06594_ (net)
                 41.03    2.24 6480.74 v _24602_/A (NAND2x1_ASAP7_75t_R)
                 26.69   24.95 6505.69 ^ _24602_/Y (NAND2x1_ASAP7_75t_R)
     3    2.05                           _06656_ (net)
                 26.69    0.05 6505.73 ^ _27663_/B (OR3x1_ASAP7_75t_R)
                723.45  312.59 6818.33 ^ _27663_/Y (OR3x1_ASAP7_75t_R)
   109  100.37                           _09270_ (net)
                724.36   15.02 6833.34 ^ _27730_/B (OR2x2_ASAP7_75t_R)
                 25.00   79.49 6912.83 ^ _27730_/Y (OR2x2_ASAP7_75t_R)
     1    1.16                           _09318_ (net)
                 25.00    0.03 6912.87 ^ _27731_/B (XNOR2x2_ASAP7_75t_R)
                  9.05   32.56 6945.42 v _27731_/Y (XNOR2x2_ASAP7_75t_R)
     1    1.14                           _09319_ (net)
                  9.05    0.01 6945.43 v _27732_/A2 (AOI21x1_ASAP7_75t_R)
                 40.86    8.34 6953.78 ^ _27732_/Y (AOI21x1_ASAP7_75t_R)
     1    0.65                           _02853_ (net)
                 40.86    0.00 6953.78 ^ _34660_/D (DFFHQNx1_ASAP7_75t_R)
                               6953.78   data arrival time

                  0.00 1760.00 1760.00   clock core_clock (rise edge)
                          0.00 1760.00   clock network delay (ideal)
                          0.00 1760.00   clock reconvergence pessimism
                               1760.00 ^ _34660_/CLK (DFFHQNx1_ASAP7_75t_R)
                         -8.88 1751.12   library setup time
                               1751.12   data required time
-----------------------------------------------------------------------------
                               1751.12   data required time
                               -6953.78   data arrival time
-----------------------------------------------------------------------------
                               -5202.66   slack (VIOLATED)



==========================================================================
global place report_checks -unconstrained
--------------------------------------------------------------------------
Startpoint: rst_ni (input port clocked by core_clock)
Endpoint: _35164_ (recovery check against rising-edge clock core_clock)
Path Group: **async_default**
Path Type: max

Fanout     Cap    Slew   Delay    Time   Description
-----------------------------------------------------------------------------
                  0.00    0.00    0.00   clock core_clock (rise edge)
                          0.00    0.00   clock network delay (ideal)
                        352.00  352.00 ^ input external delay
                  0.00    0.00  352.00 ^ rst_ni (in)
  1658 2199.56                           rst_ni (net)
               4463.85 1408.19 1760.19 ^ _35164_/SETN (DFFASRHQNx1_ASAP7_75t_R)
                               1760.19   data arrival time

                  0.00 1760.00 1760.00   clock core_clock (rise edge)
                          0.00 1760.00   clock network delay (ideal)
                          0.00 1760.00   clock reconvergence pessimism
                               1760.00 ^ _35164_/CLK (DFFASRHQNx1_ASAP7_75t_R)
                       -442.03 1317.97   library recovery time
                               1317.97   data required time
-----------------------------------------------------------------------------
                               1317.97   data required time
                               -1760.19   data arrival time
-----------------------------------------------------------------------------
                               -442.22   slack (VIOLATED)


Startpoint: _36182_ (negative level-sensitive latch clocked by core_clock)
Endpoint: _24596_ (rising clock gating-check end-point clocked by core_clock)
Path Group: **clock_gating_default**
Path Type: max

Fanout     Cap    Slew   Delay    Time   Description
-----------------------------------------------------------------------------
                  0.00  880.00  880.00   clock core_clock (fall edge)
                          0.00  880.00   clock network delay (ideal)
                  0.00    0.00  880.00 v _36182_/CLK (DLLx1_ASAP7_75t_R)
                  7.45   27.23  907.23 v _36182_/Q (DLLx1_ASAP7_75t_R)
     1    0.59                           core_clock_gate_i.en_latch (net)
                  7.45    0.00  907.23 v _24596_/B (AND2x2_ASAP7_75t_R)
                                907.23   data arrival time

                  0.00 1760.00 1760.00   clock core_clock (rise edge)
                          0.00 1760.00   clock network delay (ideal)
                          0.00 1760.00   clock reconvergence pessimism
                               1760.00 ^ _24596_/A (AND2x2_ASAP7_75t_R)
                          0.00 1760.00   clock gating setup time
                               1760.00   data required time
-----------------------------------------------------------------------------
                               1760.00   data required time
                               -907.23   data arrival time
-----------------------------------------------------------------------------
                                852.77   slack (MET)


Startpoint: _36309_ (rising edge-triggered flip-flop clocked by core_clock)
Endpoint: _34660_ (rising edge-triggered flip-flop clocked by core_clock)
Path Group: core_clock
Path Type: max

Fanout     Cap    Slew   Delay    Time   Description
-----------------------------------------------------------------------------
                  0.00    0.00    0.00   clock core_clock (rise edge)
                          0.00    0.00   clock network delay (ideal)
                  0.00    0.00    0.00 ^ _36309_/CLK (DFFHQNx1_ASAP7_75t_R)
               5257.31 1749.38 1749.38 ^ _36309_/QN (DFFHQNx1_ASAP7_75t_R)
   870  800.13                           _00289_ (net)
               5339.38  375.91 2125.29 ^ _18706_/A (INVx1_ASAP7_75t_R)
               2711.67 2196.30 4321.58 v _18706_/Y (INVx1_ASAP7_75t_R)
    58   69.70                           _13433_ (net)
               2713.23   34.81 4356.39 v _18744_/B (NAND2x1_ASAP7_75t_R)
                919.04 1067.34 5423.74 ^ _18744_/Y (NAND2x1_ASAP7_75t_R)
    15   35.45                           _13471_ (net)
                919.08    3.64 5427.38 ^ _18960_/A2 (OAI22x1_ASAP7_75t_R)
                154.61   37.48 5464.86 v _18960_/Y (OAI22x1_ASAP7_75t_R)
     1    0.82                           _13678_ (net)
                154.61    0.02 5464.88 v _18976_/A2 (OA21x2_ASAP7_75t_R)
                 14.69   40.42 5505.31 v _18976_/Y (OA21x2_ASAP7_75t_R)
     1    0.88                           _13694_ (net)
                 14.69    0.04 5505.34 v _18998_/A2 (AO21x1_ASAP7_75t_R)
                 20.32   15.92 5521.26 v _18998_/Y (AO21x1_ASAP7_75t_R)
     1    0.66                           _13716_ (net)
                 20.32    0.00 5521.27 v _19040_/A2 (OA21x2_ASAP7_75t_R)
                 45.66   31.93 5553.19 v _19040_/Y (OA21x2_ASAP7_75t_R)
     5   12.70                           _13758_ (net)
                 49.08    6.64 5559.84 v _19060_/A2 (AO221x1_ASAP7_75t_R)
                 30.43   39.35 5599.18 v _19060_/Y (AO221x1_ASAP7_75t_R)
     5    4.70                           _13777_ (net)
                 30.43    0.22 5599.40 v _19062_/A (INVx1_ASAP7_75t_R)
                 33.81   23.52 5622.92 ^ _19062_/Y (INVx1_ASAP7_75t_R)
     4    4.52                           _18108_ (net)
                 33.84    0.59 5623.51 ^ _19066_/A2 (AO21x1_ASAP7_75t_R)
                 25.61   22.34 5645.86 ^ _19066_/Y (AO21x1_ASAP7_75t_R)
     1    2.21                           _16501_ (net)
                 25.61    0.02 5645.87 ^ _33723_/B (FAx1_ASAP7_75t_R)
                 35.41   19.54 5665.41 v _33723_/CON (FAx1_ASAP7_75t_R)
     1    0.71                           _17539_ (net)
                 35.41    0.00 5665.42 v _20094_/A (INVx1_ASAP7_75t_R)
                 24.84   19.75 5685.16 ^ _20094_/Y (INVx1_ASAP7_75t_R)
     2    2.77                           _16496_ (net)
                 24.84    0.05 5685.21 ^ _33722_/A (FAx1_ASAP7_75t_R)
                210.97  215.88 5901.10 v _33722_/SN (FAx1_ASAP7_75t_R)
     9   13.30                           ex_block_i.alu_adder_result_ex_o[1] (net)
                211.00    1.56 5902.66 v _23273_/A (INVx1_ASAP7_75t_R)
                122.80   93.75 5996.41 ^ _23273_/Y (INVx1_ASAP7_75t_R)
     7   12.78                           _16499_ (net)
                122.80    0.17 5996.58 ^ _34363_/A (HAxp5_ASAP7_75t_R)
                359.53  180.43 6177.01 v _34363_/CON (HAxp5_ASAP7_75t_R)
    39   32.98                           _18337_ (net)
                359.53    0.72 6177.73 v _23233_/D (OR4x1_ASAP7_75t_R)
                 16.09   60.23 6237.96 v _23233_/Y (OR4x1_ASAP7_75t_R)
     1    0.60                           _05761_ (net)
                 16.09    0.01 6237.97 v _23234_/E (OR5x1_ASAP7_75t_R)
                 16.90   39.39 6277.36 v _23234_/Y (OR5x1_ASAP7_75t_R)
     1    0.63                           _05762_ (net)
                 16.90    0.01 6277.37 v _23236_/D (OR5x1_ASAP7_75t_R)
                 16.52   39.45 6316.82 v _23236_/Y (OR5x1_ASAP7_75t_R)
     1    0.70                           _05764_ (net)
                 16.52    0.00 6316.82 v _23237_/A (INVx1_ASAP7_75t_R)
                  8.41    7.50 6324.32 ^ _23237_/Y (INVx1_ASAP7_75t_R)
     1    0.59                           _05765_ (net)
                  8.41    0.01 6324.33 ^ _23241_/B (AND5x1_ASAP7_75t_R)
                 13.63   31.35 6355.68 ^ _23241_/Y (AND5x1_ASAP7_75t_R)
     1    0.55                           _05769_ (net)
                 13.63    0.00 6355.69 ^ _23248_/D (AND5x1_ASAP7_75t_R)
                 33.32   43.77 6399.46 ^ _23248_/Y (AND5x1_ASAP7_75t_R)
     2    3.42                           _05776_ (net)
                 33.39    0.83 6400.29 ^ _24507_/B (AND4x1_ASAP7_75t_R)
                 14.25   30.67 6430.96 ^ _24507_/Y (AND4x1_ASAP7_75t_R)
     1    0.98                           _06582_ (net)
                 14.25    0.01 6430.97 ^ _24515_/A2 (AOI221x1_ASAP7_75t_R)
                 25.79   13.94 6444.91 v _24515_/Y (AOI221x1_ASAP7_75t_R)
     1    0.70                           _06590_ (net)
                 25.79    0.01 6444.92 v _24519_/A2 (AO21x1_ASAP7_75t_R)
                 40.64   33.58 6478.50 v _24519_/Y (AO21x1_ASAP7_75t_R)
     6    7.09                           _06594_ (net)
                 41.03    2.24 6480.74 v _24602_/A (NAND2x1_ASAP7_75t_R)
                 26.69   24.95 6505.69 ^ _24602_/Y (NAND2x1_ASAP7_75t_R)
     3    2.05                           _06656_ (net)
                 26.69    0.05 6505.73 ^ _27663_/B (OR3x1_ASAP7_75t_R)
                723.45  312.59 6818.33 ^ _27663_/Y (OR3x1_ASAP7_75t_R)
   109  100.37                           _09270_ (net)
                724.36   15.02 6833.34 ^ _27730_/B (OR2x2_ASAP7_75t_R)
                 25.00   79.49 6912.83 ^ _27730_/Y (OR2x2_ASAP7_75t_R)
     1    1.16                           _09318_ (net)
                 25.00    0.03 6912.87 ^ _27731_/B (XNOR2x2_ASAP7_75t_R)
                  9.05   32.56 6945.42 v _27731_/Y (XNOR2x2_ASAP7_75t_R)
     1    1.14                           _09319_ (net)
                  9.05    0.01 6945.43 v _27732_/A2 (AOI21x1_ASAP7_75t_R)
                 40.86    8.34 6953.78 ^ _27732_/Y (AOI21x1_ASAP7_75t_R)
     1    0.65                           _02853_ (net)
                 40.86    0.00 6953.78 ^ _34660_/D (DFFHQNx1_ASAP7_75t_R)
                               6953.78   data arrival time

                  0.00 1760.00 1760.00   clock core_clock (rise edge)
                          0.00 1760.00   clock network delay (ideal)
                          0.00 1760.00   clock reconvergence pessimism
                               1760.00 ^ _34660_/CLK (DFFHQNx1_ASAP7_75t_R)
                         -8.88 1751.12   library setup time
                               1751.12   data required time
-----------------------------------------------------------------------------
                               1751.12   data required time
                               -6953.78   data arrival time
-----------------------------------------------------------------------------
                               -5202.66   slack (VIOLATED)



==========================================================================
global place report_design_area
--------------------------------------------------------------------------
Design area 2127 u^2 38% utilization.

Elapsed time: 1:17.87[h:]min:sec. CPU time: user 77.54 sys 0.32 (100%). Peak memory: 432600KB.
